<?xml version="1.0" encoding="UTF-8"?>
<testng-results ignored="0" total="1" passed="1" failed="0" skipped="0">
  <reporter-output>
  </reporter-output>
  <suite started-at="2025-07-23T16:51:25 IST" name="Default suite" finished-at="2025-07-23T16:51:42 IST" duration-ms="16763">
    <groups>
    </groups>
    <test started-at="2025-07-23T16:51:25 IST" name="Default test" finished-at="2025-07-23T16:51:42 IST" duration-ms="16763">
      <class name="tests.CartTest">
        <test-method is-config="true" signature="setUp()[pri:0, instance:tests.CartTest@7c7a06ec]" started-at="2025-07-23T16:51:25 IST" name="setUp" finished-at="2025-07-23T16:51:30 IST" duration-ms="5387" status="PASS">
          <reporter-output>
          </reporter-output>
        </test-method> <!-- setUp -->
        <test-method signature="testAddToCartFlow()[pri:0, instance:tests.CartTest@7c7a06ec]" started-at="2025-07-23T16:51:31 IST" name="testAddToCartFlow" finished-at="2025-07-23T16:51:42 IST" duration-ms="11048" status="PASS">
          <reporter-output>
          </reporter-output>
        </test-method> <!-- testAddToCartFlow -->
        <test-method is-config="true" signature="tearDown()[pri:0, instance:tests.CartTest@7c7a06ec]" started-at="2025-07-23T16:51:42 IST" name="tearDown" finished-at="2025-07-23T16:51:42 IST" duration-ms="271" status="PASS">
          <reporter-output>
          </reporter-output>
        </test-method> <!-- tearDown -->
      </class> <!-- tests.CartTest -->
    </test> <!-- Default test -->
  </suite> <!-- Default suite -->
</testng-results>
